[2019-12-10 19:17:12] local.ERROR: Database (pos) does not exist. (SQL: PRAGMA foreign_keys = ON;) {"exception":"[object] (Illuminate\\Database\\QueryException(code: 0): Database (pos) does not exist. (SQL: PRAGMA foreign_keys = ON;) at /mnt/F/Development/Projects/PHP/POS/vendor/laravel/framework/src/Illuminate/Database/Connection.php:664, InvalidArgumentException(code: 0): Database (pos) does not exist. at /mnt/F/Development/Projects/PHP/POS/vendor/laravel/framework/src/Illuminate/Database/Connectors/SQLiteConnector.php:34)
[stacktrace]
#0 /mnt/F/Development/Projects/PHP/POS/vendor/laravel/framework/src/Illuminate/Database/Connection.php(624): Illuminate\\Database\\Connection->runQueryCallback('PRAGMA foreign_...', Array, Object(Closure))
#1 /mnt/F/Development/Projects/PHP/POS/vendor/laravel/framework/src/Illuminate/Database/Connection.php(459): Illuminate\\Database\\Connection->run('PRAGMA foreign_...', Array, Object(Closure))
#2 /mnt/F/Development/Projects/PHP/POS/vendor/laravel/framework/src/Illuminate/Database/Schema/Builder.php(240): Illuminate\\Database\\Connection->statement('PRAGMA foreign_...')
#3 /mnt/F/Development/Projects/PHP/POS/vendor/laravel/framework/src/Illuminate/Database/SQLiteConnection.php(33): Illuminate\\Database\\Schema\\Builder->enableForeignKeyConstraints()
#4 /mnt/F/Development/Projects/PHP/POS/vendor/laravel/framework/src/Illuminate/Database/Connectors/ConnectionFactory.php(278): Illuminate\\Database\\SQLiteConnection->__construct(Object(Closure), 'pos', '', Array)
#5 /mnt/F/Development/Projects/PHP/POS/vendor/laravel/framework/src/Illuminate/Database/Connectors/ConnectionFactory.php(76): Illuminate\\Database\\Connectors\\ConnectionFactory->createConnection('sqlite', Object(Closure), 'pos', '', Array)
#6 /mnt/F/Development/Projects/PHP/POS/vendor/laravel/framework/src/Illuminate/Database/Connectors/ConnectionFactory.php(50): Illuminate\\Database\\Connectors\\ConnectionFactory->createSingleConnection(Array)
#7 /mnt/F/Development/Projects/PHP/POS/vendor/laravel/framework/src/Illuminate/Database/DatabaseManager.php(130): Illuminate\\Database\\Connectors\\ConnectionFactory->make(Array, 'sqlite')
#8 /mnt/F/Development/Projects/PHP/POS/vendor/laravel/framework/src/Illuminate/Database/DatabaseManager.php(85): Illuminate\\Database\\DatabaseManager->makeConnection('sqlite')
#9 /mnt/F/Development/Projects/PHP/POS/vendor/laravel/framework/src/Illuminate/Database/Eloquent/Model.php(1249): Illuminate\\Database\\DatabaseManager->connection('sqlite')
#10 /mnt/F/Development/Projects/PHP/POS/vendor/laravel/framework/src/Illuminate/Database/Eloquent/Model.php(1215): Illuminate\\Database\\Eloquent\\Model::resolveConnection(NULL)
#11 /mnt/F/Development/Projects/PHP/POS/vendor/laravel/framework/src/Illuminate/Database/Eloquent/Model.php(1047): Illuminate\\Database\\Eloquent\\Model->getConnection()
#12 /mnt/F/Development/Projects/PHP/POS/vendor/laravel/framework/src/Illuminate/Database/Eloquent/Model.php(964): Illuminate\\Database\\Eloquent\\Model->newBaseQueryBuilder()
#13 /mnt/F/Development/Projects/PHP/POS/vendor/laravel/framework/src/Illuminate/Database/Eloquent/Model.php(1000): Illuminate\\Database\\Eloquent\\Model->newModelQuery()
#14 /mnt/F/Development/Projects/PHP/POS/vendor/laravel/framework/src/Illuminate/Database/Eloquent/Model.php(953): Illuminate\\Database\\Eloquent\\Model->newQueryWithoutScopes()
#15 /mnt/F/Development/Projects/PHP/POS/vendor/laravel/framework/src/Illuminate/Auth/EloquentUserProvider.php(158): Illuminate\\Database\\Eloquent\\Model->newQuery()
#16 /mnt/F/Development/Projects/PHP/POS/vendor/laravel/framework/src/Illuminate/Auth/EloquentUserProvider.php(66): Illuminate\\Auth\\EloquentUserProvider->newModelQuery(Object(App\\User))
#17 /mnt/F/Development/Projects/PHP/POS/vendor/laravel/framework/src/Illuminate/Auth/SessionGuard.php(169): Illuminate\\Auth\\EloquentUserProvider->retrieveByToken('1', 'vmZ5PDAWmOvqghR...')
#18 /mnt/F/Development/Projects/PHP/POS/vendor/laravel/framework/src/Illuminate/Auth/SessionGuard.php(139): Illuminate\\Auth\\SessionGuard->userFromRecaller(Object(Illuminate\\Auth\\Recaller))
#19 /mnt/F/Development/Projects/PHP/POS/vendor/laravel/framework/src/Illuminate/Auth/GuardHelpers.php(60): Illuminate\\Auth\\SessionGuard->user()
#20 /mnt/F/Development/Projects/PHP/POS/vendor/laravel/framework/src/Illuminate/Auth/Middleware/Authenticate.php(62): Illuminate\\Auth\\SessionGuard->check()
#21 /mnt/F/Development/Projects/PHP/POS/vendor/laravel/framework/src/Illuminate/Auth/Middleware/Authenticate.php(41): Illuminate\\Auth\\Middleware\\Authenticate->authenticate(Object(Illuminate\\Http\\Request), Array)
#22 /mnt/F/Development/Projects/PHP/POS/vendor/laravel/framework/src/Illuminate/Pipeline/Pipeline.php(163): Illuminate\\Auth\\Middleware\\Authenticate->handle(Object(Illuminate\\Http\\Request), Object(Closure))
#23 /mnt/F/Development/Projects/PHP/POS/vendor/laravel/framework/src/Illuminate/Routing/Pipeline.php(53): Illuminate\\Pipeline\\Pipeline->Illuminate\\Pipeline\\{closure}(Object(Illuminate\\Http\\Request))
#24 /mnt/F/Development/Projects/PHP/POS/vendor/laravel/framework/src/Illuminate/Foundation/Http/Middleware/VerifyCsrfToken.php(75): Illuminate\\Routing\\Pipeline->Illuminate\\Routing\\{closure}(Object(Illuminate\\Http\\Request))
#25 /mnt/F/Development/Projects/PHP/POS/vendor/laravel/framework/src/Illuminate/Pipeline/Pipeline.php(163): Illuminate\\Foundation\\Http\\Middleware\\VerifyCsrfToken->handle(Object(Illuminate\\Http\\Request), Object(Closure))
#26 /mnt/F/Development/Projects/PHP/POS/vendor/laravel/framework/src/Illuminate/Routing/Pipeline.php(53): Illuminate\\Pipeline\\Pipeline->Illuminate\\Pipeline\\{closure}(Object(Illuminate\\Http\\Request))
#27 /mnt/F/Development/Projects/PHP/POS/vendor/laravel/framework/src/Illuminate/View/Middleware/ShareErrorsFromSession.php(49): Illuminate\\Routing\\Pipeline->Illuminate\\Routing\\{closure}(Object(Illuminate\\Http\\Request))
#28 /mnt/F/Development/Projects/PHP/POS/vendor/laravel/framework/src/Illuminate/Pipeline/Pipeline.php(163): Illuminate\\View\\Middleware\\ShareErrorsFromSession->handle(Object(Illuminate\\Http\\Request), Object(Closure))
#29 /mnt/F/Development/Projects/PHP/POS/vendor/laravel/framework/src/Illuminate/Routing/Pipeline.php(53): Illuminate\\Pipeline\\Pipeline->Illuminate\\Pipeline\\{closure}(Object(Illuminate\\Http\\Request))
#30 /mnt/F/Development/Projects/PHP/POS/vendor/laravel/framework/src/Illuminate/Session/Middleware/StartSession.php(56): Illuminate\\Routing\\Pipeline->Illuminate\\Routing\\{closure}(Object(Illuminate\\Http\\Request))
#31 /mnt/F/Development/Projects/PHP/POS/vendor/laravel/framework/src/Illuminate/Pipeline/Pipeline.php(163): Illuminate\\Session\\Middleware\\StartSession->handle(Object(Illuminate\\Http\\Request), Object(Closure))
#32 /mnt/F/Development/Projects/PHP/POS/vendor/laravel/framework/src/Illuminate/Routing/Pipeline.php(53): Illuminate\\Pipeline\\Pipeline->Illuminate\\Pipeline\\{closure}(Object(Illuminate\\Http\\Request))
#33 /mnt/F/Development/Projects/PHP/POS/vendor/laravel/framework/src/Illuminate/Cookie/Middleware/AddQueuedCookiesToResponse.php(37): Illuminate\\Routing\\Pipeline->Illuminate\\Routing\\{closure}(Object(Illuminate\\Http\\Request))
#34 /mnt/F/Development/Projects/PHP/POS/vendor/laravel/framework/src/Illuminate/Pipeline/Pipeline.php(163): Illuminate\\Cookie\\Middleware\\AddQueuedCookiesToResponse->handle(Object(Illuminate\\Http\\Request), Object(Closure))
#35 /mnt/F/Development/Projects/PHP/POS/vendor/laravel/framework/src/Illuminate/Routing/Pipeline.php(53): Illuminate\\Pipeline\\Pipeline->Illuminate\\Pipeline\\{closure}(Object(Illuminate\\Http\\Request))
#36 /mnt/F/Development/Projects/PHP/POS/vendor/laravel/framework/src/Illuminate/Cookie/Middleware/EncryptCookies.php(66): Illuminate\\Routing\\Pipeline->Illuminate\\Routing\\{closure}(Object(Illuminate\\Http\\Request))
#37 /mnt/F/Development/Projects/PHP/POS/vendor/laravel/framework/src/Illuminate/Pipeline/Pipeline.php(163): Illuminate\\Cookie\\Middleware\\EncryptCookies->handle(Object(Illuminate\\Http\\Request), Object(Closure))
#38 /mnt/F/Development/Projects/PHP/POS/vendor/laravel/framework/src/Illuminate/Routing/Pipeline.php(53): Illuminate\\Pipeline\\Pipeline->Illuminate\\Pipeline\\{closure}(Object(Illuminate\\Http\\Request))
#39 /mnt/F/Development/Projects/PHP/POS/vendor/laravel/framework/src/Illuminate/Pipeline/Pipeline.php(104): Illuminate\\Routing\\Pipeline->Illuminate\\Routing\\{closure}(Object(Illuminate\\Http\\Request))
#40 /mnt/F/Development/Projects/PHP/POS/vendor/laravel/framework/src/Illuminate/Routing/Router.php(682): Illuminate\\Pipeline\\Pipeline->then(Object(Closure))
#41 /mnt/F/Development/Projects/PHP/POS/vendor/laravel/framework/src/Illuminate/Routing/Router.php(657): Illuminate\\Routing\\Router->runRouteWithinStack(Object(Illuminate\\Routing\\Route), Object(Illuminate\\Http\\Request))
#42 /mnt/F/Development/Projects/PHP/POS/vendor/laravel/framework/src/Illuminate/Routing/Router.php(623): Illuminate\\Routing\\Router->runRoute(Object(Illuminate\\Http\\Request), Object(Illuminate\\Routing\\Route))
#43 /mnt/F/Development/Projects/PHP/POS/vendor/laravel/framework/src/Illuminate/Routing/Router.php(612): Illuminate\\Routing\\Router->dispatchToRoute(Object(Illuminate\\Http\\Request))
#44 /mnt/F/Development/Projects/PHP/POS/vendor/laravel/framework/src/Illuminate/Foundation/Http/Kernel.php(176): Illuminate\\Routing\\Router->dispatch(Object(Illuminate\\Http\\Request))
#45 /mnt/F/Development/Projects/PHP/POS/vendor/laravel/framework/src/Illuminate/Routing/Pipeline.php(30): Illuminate\\Foundation\\Http\\Kernel->Illuminate\\Foundation\\Http\\{closure}(Object(Illuminate\\Http\\Request))
#46 /mnt/F/Development/Projects/PHP/POS/vendor/fideloper/proxy/src/TrustProxies.php(57): Illuminate\\Routing\\Pipeline->Illuminate\\Routing\\{closure}(Object(Illuminate\\Http\\Request))
#47 /mnt/F/Development/Projects/PHP/POS/vendor/laravel/framework/src/Illuminate/Pipeline/Pipeline.php(163): Fideloper\\Proxy\\TrustProxies->handle(Object(Illuminate\\Http\\Request), Object(Closure))
#48 /mnt/F/Development/Projects/PHP/POS/vendor/laravel/framework/src/Illuminate/Routing/Pipeline.php(53): Illuminate\\Pipeline\\Pipeline->Illuminate\\Pipeline\\{closure}(Object(Illuminate\\Http\\Request))
#49 /mnt/F/Development/Projects/PHP/POS/vendor/laravel/framework/src/Illuminate/Foundation/Http/Middleware/TransformsRequest.php(21): Illuminate\\Routing\\Pipeline->Illuminate\\Routing\\{closure}(Object(Illuminate\\Http\\Request))
#50 /mnt/F/Development/Projects/PHP/POS/vendor/laravel/framework/src/Illuminate/Pipeline/Pipeline.php(163): Illuminate\\Foundation\\Http\\Middleware\\TransformsRequest->handle(Object(Illuminate\\Http\\Request), Object(Closure))
#51 /mnt/F/Development/Projects/PHP/POS/vendor/laravel/framework/src/Illuminate/Routing/Pipeline.php(53): Illuminate\\Pipeline\\Pipeline->Illuminate\\Pipeline\\{closure}(Object(Illuminate\\Http\\Request))
#52 /mnt/F/Development/Projects/PHP/POS/vendor/laravel/framework/src/Illuminate/Foundation/Http/Middleware/TransformsRequest.php(21): Illuminate\\Routing\\Pipeline->Illuminate\\Routing\\{closure}(Object(Illuminate\\Http\\Request))
#53 /mnt/F/Development/Projects/PHP/POS/vendor/laravel/framework/src/Illuminate/Pipeline/Pipeline.php(163): Illuminate\\Foundation\\Http\\Middleware\\TransformsRequest->handle(Object(Illuminate\\Http\\Request), Object(Closure))
#54 /mnt/F/Development/Projects/PHP/POS/vendor/laravel/framework/src/Illuminate/Routing/Pipeline.php(53): Illuminate\\Pipeline\\Pipeline->Illuminate\\Pipeline\\{closure}(Object(Illuminate\\Http\\Request))
#55 /mnt/F/Development/Projects/PHP/POS/vendor/laravel/framework/src/Illuminate/Foundation/Http/Middleware/ValidatePostSize.php(27): Illuminate\\Routing\\Pipeline->Illuminate\\Routing\\{closure}(Object(Illuminate\\Http\\Request))
#56 /mnt/F/Development/Projects/PHP/POS/vendor/laravel/framework/src/Illuminate/Pipeline/Pipeline.php(163): Illuminate\\Foundation\\Http\\Middleware\\ValidatePostSize->handle(Object(Illuminate\\Http\\Request), Object(Closure))
#57 /mnt/F/Development/Projects/PHP/POS/vendor/laravel/framework/src/Illuminate/Routing/Pipeline.php(53): Illuminate\\Pipeline\\Pipeline->Illuminate\\Pipeline\\{closure}(Object(Illuminate\\Http\\Request))
#58 /mnt/F/Development/Projects/PHP/POS/vendor/laravel/framework/src/Illuminate/Foundation/Http/Middleware/CheckForMaintenanceMode.php(62): Illuminate\\Routing\\Pipeline->Illuminate\\Routing\\{closure}(Object(Illuminate\\Http\\Request))
#59 /mnt/F/Development/Projects/PHP/POS/vendor/laravel/framework/src/Illuminate/Pipeline/Pipeline.php(163): Illuminate\\Foundation\\Http\\Middleware\\CheckForMaintenanceMode->handle(Object(Illuminate\\Http\\Request), Object(Closure))
#60 /mnt/F/Development/Projects/PHP/POS/vendor/laravel/framework/src/Illuminate/Routing/Pipeline.php(53): Illuminate\\Pipeline\\Pipeline->Illuminate\\Pipeline\\{closure}(Object(Illuminate\\Http\\Request))
#61 /mnt/F/Development/Projects/PHP/POS/vendor/laravel/framework/src/Illuminate/Pipeline/Pipeline.php(104): Illuminate\\Routing\\Pipeline->Illuminate\\Routing\\{closure}(Object(Illuminate\\Http\\Request))
#62 /mnt/F/Development/Projects/PHP/POS/vendor/laravel/framework/src/Illuminate/Foundation/Http/Kernel.php(151): Illuminate\\Pipeline\\Pipeline->then(Object(Closure))
#63 /mnt/F/Development/Projects/PHP/POS/vendor/laravel/framework/src/Illuminate/Foundation/Http/Kernel.php(116): Illuminate\\Foundation\\Http\\Kernel->sendRequestThroughRouter(Object(Illuminate\\Http\\Request))
#64 /mnt/F/Development/Projects/PHP/POS/public/index.php(55): Illuminate\\Foundation\\Http\\Kernel->handle(Object(Illuminate\\Http\\Request))
#65 {main}
"} 
